[     100ms] [LOG] %c[Vercel Speed Insights]%c [vitals] color: rgb(120, 120, 120) color: inherit {speed: 4g, metrics: Array(3), scriptVersion: 0.1.3, sdkName: @vercel/speed-insights/astro, sdkVersion: 1.2.0} /_vercel/speed-insights/vitals @ https://va.vercel-scripts.com/v1/speed-insights/script.debug.js:0
[     143ms] [LOG] %c[Vercel Speed Insights]%c [vitals] color: rgb(120, 120, 120) color: inherit {speed: 4g, metrics: Array(1), scriptVersion: 0.1.3, sdkName: @vercel/speed-insights/astro, sdkVersion: 1.2.0} /_vercel/speed-insights/vitals @ https://va.vercel-scripts.com/v1/speed-insights/script.debug.js:0
[     332ms] [LOG] %c[Vercel Web Analytics]%c Debug mode is enabled by default in development. No requests will be sent to the server. color: rgb(120, 120, 120) color: inherit @ https://va.vercel-scripts.com/v1/script.debug.js:0
[     333ms] [LOG] %c[Vercel Web Analytics]%c Running queued event color: rgb(120, 120, 120) color: inherit pageview {route: /prueba-hero-l, path: /prueba-hero-l} @ https://va.vercel-scripts.com/v1/script.debug.js:0
[     335ms] [LOG] %c[Vercel Web Analytics]%c [view] http://localhost:4321/prueba-hero-l color: rgb(120, 120, 120) color: inherit {o: http://localhost:4321/prueba-hero-l, sv: 0.1.3, sdkn: @vercel/analytics/astro, sdkv: 1.5.0, ts: 1781448818072} /_vercel/insights/view @ https://va.vercel-scripts.com/v1/script.debug.js:0
[     338ms] [LOG] %c[Vercel Speed Insights]%c Debug mode is enabled by default in development. No requests will be sent to the server. color: rgb(120, 120, 120) color: inherit @ https://va.vercel-scripts.com/v1/speed-insights/script.debug.js:0
[   49176ms] [LOG] %c[Vercel Speed Insights]%c [vitals] color: rgb(120, 120, 120) color: inherit {speed: 4g, metrics: Array(3), scriptVersion: 0.1.3, sdkName: @vercel/speed-insights/astro, sdkVersion: 1.2.0} /_vercel/speed-insights/vitals @ https://va.vercel-scripts.com/v1/speed-insights/script.debug.js:0
[   49194ms] [LOG] %c[Vercel Speed Insights]%c [vitals] color: rgb(120, 120, 120) color: inherit {speed: 4g, metrics: Array(1), scriptVersion: 0.1.3, sdkName: @vercel/speed-insights/astro, sdkVersion: 1.2.0} /_vercel/speed-insights/vitals @ https://va.vercel-scripts.com/v1/speed-insights/script.debug.js:0
[   49745ms] [LOG] %c[Vercel Web Analytics]%c Debug mode is enabled by default in development. No requests will be sent to the server. color: rgb(120, 120, 120) color: inherit @ https://va.vercel-scripts.com/v1/script.debug.js:0
[   49745ms] [LOG] %c[Vercel Web Analytics]%c Running queued event color: rgb(120, 120, 120) color: inherit pageview {route: /prueba-hero-l, path: /prueba-hero-l} @ https://va.vercel-scripts.com/v1/script.debug.js:0
[   49746ms] [LOG] %c[Vercel Web Analytics]%c [view] http://localhost:4321/prueba-hero-l color: rgb(120, 120, 120) color: inherit {o: http://localhost:4321/prueba-hero-l, sv: 0.1.3, sdkn: @vercel/analytics/astro, sdkv: 1.5.0, ts: 1781448867483} /_vercel/insights/view @ https://va.vercel-scripts.com/v1/script.debug.js:0
[   49752ms] [LOG] %c[Vercel Speed Insights]%c Debug mode is enabled by default in development. No requests will be sent to the server. color: rgb(120, 120, 120) color: inherit @ https://va.vercel-scripts.com/v1/speed-insights/script.debug.js:0
[   61316ms] [LOG] %c[Vercel Speed Insights]%c [vitals] color: rgb(120, 120, 120) color: inherit {speed: 4g, metrics: Array(1), scriptVersion: 0.1.3, sdkName: @vercel/speed-insights/astro, sdkVersion: 1.2.0} /_vercel/speed-insights/vitals @ https://va.vercel-scripts.com/v1/speed-insights/script.debug.js:0
[   61922ms] [LOG] %c[Vercel Web Analytics]%c Debug mode is enabled by default in development. No requests will be sent to the server. color: rgb(120, 120, 120) color: inherit @ https://va.vercel-scripts.com/v1/script.debug.js:0
[   61922ms] [LOG] %c[Vercel Web Analytics]%c Running queued event color: rgb(120, 120, 120) color: inherit pageview {route: /prueba-hero-l, path: /prueba-hero-l} @ https://va.vercel-scripts.com/v1/script.debug.js:0
[   61923ms] [LOG] %c[Vercel Web Analytics]%c [view] http://localhost:4321/prueba-hero-l color: rgb(120, 120, 120) color: inherit {o: http://localhost:4321/prueba-hero-l, sv: 0.1.3, sdkn: @vercel/analytics/astro, sdkv: 1.5.0, ts: 1781448879660} /_vercel/insights/view @ https://va.vercel-scripts.com/v1/script.debug.js:0
[   61923ms] [LOG] %c[Vercel Speed Insights]%c Debug mode is enabled by default in development. No requests will be sent to the server. color: rgb(120, 120, 120) color: inherit @ https://va.vercel-scripts.com/v1/speed-insights/script.debug.js:0
[  123949ms] [LOG] %c[Vercel Speed Insights]%c [vitals] color: rgb(120, 120, 120) color: inherit {speed: 4g, metrics: Array(1), scriptVersion: 0.1.3, sdkName: @vercel/speed-insights/astro, sdkVersion: 1.2.0} /_vercel/speed-insights/vitals @ https://va.vercel-scripts.com/v1/speed-insights/script.debug.js:0
[  124549ms] [LOG] %c[Vercel Web Analytics]%c Debug mode is enabled by default in development. No requests will be sent to the server. color: rgb(120, 120, 120) color: inherit @ https://va.vercel-scripts.com/v1/script.debug.js:0
[  124550ms] [LOG] %c[Vercel Web Analytics]%c Running queued event color: rgb(120, 120, 120) color: inherit pageview {route: /prueba-hero-l, path: /prueba-hero-l} @ https://va.vercel-scripts.com/v1/script.debug.js:0
[  124550ms] [LOG] %c[Vercel Web Analytics]%c [view] http://localhost:4321/prueba-hero-l color: rgb(120, 120, 120) color: inherit {o: http://localhost:4321/prueba-hero-l, sv: 0.1.3, sdkn: @vercel/analytics/astro, sdkv: 1.5.0, ts: 1781448942287} /_vercel/insights/view @ https://va.vercel-scripts.com/v1/script.debug.js:0
[  124550ms] [LOG] %c[Vercel Speed Insights]%c Debug mode is enabled by default in development. No requests will be sent to the server. color: rgb(120, 120, 120) color: inherit @ https://va.vercel-scripts.com/v1/speed-insights/script.debug.js:0
[  162446ms] [LOG] %c[Vercel Speed Insights]%c [vitals] color: rgb(120, 120, 120) color: inherit {speed: 4g, metrics: Array(1), scriptVersion: 0.1.3, sdkName: @vercel/speed-insights/astro, sdkVersion: 1.2.0} /_vercel/speed-insights/vitals @ https://va.vercel-scripts.com/v1/speed-insights/script.debug.js:0
[  162895ms] [LOG] %c[Vercel Web Analytics]%c Debug mode is enabled by default in development. No requests will be sent to the server. color: rgb(120, 120, 120) color: inherit @ https://va.vercel-scripts.com/v1/script.debug.js:0
[  162896ms] [LOG] %c[Vercel Web Analytics]%c Running queued event color: rgb(120, 120, 120) color: inherit pageview {route: /prueba-hero-l, path: /prueba-hero-l} @ https://va.vercel-scripts.com/v1/script.debug.js:0
[  162896ms] [LOG] %c[Vercel Web Analytics]%c [view] http://localhost:4321/prueba-hero-l color: rgb(120, 120, 120) color: inherit {o: http://localhost:4321/prueba-hero-l, sv: 0.1.3, sdkn: @vercel/analytics/astro, sdkv: 1.5.0, ts: 1781448980633} /_vercel/insights/view @ https://va.vercel-scripts.com/v1/script.debug.js:0
[  162897ms] [LOG] %c[Vercel Speed Insights]%c Debug mode is enabled by default in development. No requests will be sent to the server. color: rgb(120, 120, 120) color: inherit @ https://va.vercel-scripts.com/v1/speed-insights/script.debug.js:0
