[     113ms] [LOG] %c[Vercel Speed Insights]%c [vitals] color: rgb(120, 120, 120) color: inherit {speed: 4g, metrics: Array(1), scriptVersion: 0.1.3, sdkName: @vercel/speed-insights/astro, sdkVersion: 1.2.0} /_vercel/speed-insights/vitals @ https://va.vercel-scripts.com/v1/speed-insights/script.debug.js:0
[     398ms] [LOG] %c[Vercel Web Analytics]%c Debug mode is enabled by default in development. No requests will be sent to the server. color: rgb(120, 120, 120) color: inherit @ https://va.vercel-scripts.com/v1/script.debug.js:0
[     398ms] [LOG] %c[Vercel Web Analytics]%c Running queued event color: rgb(120, 120, 120) color: inherit pageview {route: /prueba-heros, path: /prueba-heros} @ https://va.vercel-scripts.com/v1/script.debug.js:0
[     400ms] [LOG] %c[Vercel Web Analytics]%c [view] http://localhost:4321/prueba-heros color: rgb(120, 120, 120) color: inherit {o: http://localhost:4321/prueba-heros, sv: 0.1.3, sdkn: @vercel/analytics/astro, sdkv: 1.5.0, ts: 1781449073026} /_vercel/insights/view @ https://va.vercel-scripts.com/v1/script.debug.js:0
[     401ms] [LOG] %c[Vercel Speed Insights]%c Debug mode is enabled by default in development. No requests will be sent to the server. color: rgb(120, 120, 120) color: inherit @ https://va.vercel-scripts.com/v1/speed-insights/script.debug.js:0
[  117386ms] [LOG] %c[Vercel Speed Insights]%c [vitals] color: rgb(120, 120, 120) color: inherit {speed: 4g, metrics: Array(3), scriptVersion: 0.1.3, sdkName: @vercel/speed-insights/astro, sdkVersion: 1.2.0} /_vercel/speed-insights/vitals @ https://va.vercel-scripts.com/v1/speed-insights/script.debug.js:0
[  117400ms] [LOG] %c[Vercel Speed Insights]%c [vitals] color: rgb(120, 120, 120) color: inherit {speed: 4g, metrics: Array(1), scriptVersion: 0.1.3, sdkName: @vercel/speed-insights/astro, sdkVersion: 1.2.0} /_vercel/speed-insights/vitals @ https://va.vercel-scripts.com/v1/speed-insights/script.debug.js:0
[  117778ms] [LOG] %c[Vercel Web Analytics]%c Debug mode is enabled by default in development. No requests will be sent to the server. color: rgb(120, 120, 120) color: inherit @ https://va.vercel-scripts.com/v1/script.debug.js:0
[  117778ms] [LOG] %c[Vercel Web Analytics]%c Running queued event color: rgb(120, 120, 120) color: inherit pageview {route: /prueba-heros, path: /prueba-heros} @ https://va.vercel-scripts.com/v1/script.debug.js:0
[  117779ms] [LOG] %c[Vercel Web Analytics]%c [view] http://localhost:4321/prueba-heros color: rgb(120, 120, 120) color: inherit {o: http://localhost:4321/prueba-heros, sv: 0.1.3, sdkn: @vercel/analytics/astro, sdkv: 1.5.0, ts: 1781449190405} /_vercel/insights/view @ https://va.vercel-scripts.com/v1/script.debug.js:0
[  117780ms] [LOG] %c[Vercel Speed Insights]%c Debug mode is enabled by default in development. No requests will be sent to the server. color: rgb(120, 120, 120) color: inherit @ https://va.vercel-scripts.com/v1/speed-insights/script.debug.js:0
[  125608ms] [LOG] %c[Vercel Speed Insights]%c [vitals] color: rgb(120, 120, 120) color: inherit {speed: 4g, metrics: Array(1), scriptVersion: 0.1.3, sdkName: @vercel/speed-insights/astro, sdkVersion: 1.2.0} /_vercel/speed-insights/vitals @ https://va.vercel-scripts.com/v1/speed-insights/script.debug.js:0
[  126068ms] [LOG] %c[Vercel Web Analytics]%c Debug mode is enabled by default in development. No requests will be sent to the server. color: rgb(120, 120, 120) color: inherit @ https://va.vercel-scripts.com/v1/script.debug.js:0
[  126068ms] [LOG] %c[Vercel Web Analytics]%c Running queued event color: rgb(120, 120, 120) color: inherit pageview {route: /prueba-heros, path: /prueba-heros} @ https://va.vercel-scripts.com/v1/script.debug.js:0
[  126069ms] [LOG] %c[Vercel Web Analytics]%c [view] http://localhost:4321/prueba-heros color: rgb(120, 120, 120) color: inherit {o: http://localhost:4321/prueba-heros, sv: 0.1.3, sdkn: @vercel/analytics/astro, sdkv: 1.5.0, ts: 1781449198695} /_vercel/insights/view @ https://va.vercel-scripts.com/v1/script.debug.js:0
[  126070ms] [LOG] %c[Vercel Speed Insights]%c Debug mode is enabled by default in development. No requests will be sent to the server. color: rgb(120, 120, 120) color: inherit @ https://va.vercel-scripts.com/v1/speed-insights/script.debug.js:0
[  136318ms] [LOG] %c[Vercel Speed Insights]%c [vitals] color: rgb(120, 120, 120) color: inherit {speed: 4g, metrics: Array(1), scriptVersion: 0.1.3, sdkName: @vercel/speed-insights/astro, sdkVersion: 1.2.0} /_vercel/speed-insights/vitals @ https://va.vercel-scripts.com/v1/speed-insights/script.debug.js:0
[  136682ms] [LOG] %c[Vercel Web Analytics]%c Debug mode is enabled by default in development. No requests will be sent to the server. color: rgb(120, 120, 120) color: inherit @ https://va.vercel-scripts.com/v1/script.debug.js:0
[  136682ms] [LOG] %c[Vercel Web Analytics]%c Running queued event color: rgb(120, 120, 120) color: inherit pageview {route: /prueba-heros, path: /prueba-heros} @ https://va.vercel-scripts.com/v1/script.debug.js:0
[  136682ms] [LOG] %c[Vercel Web Analytics]%c [view] http://localhost:4321/prueba-heros color: rgb(120, 120, 120) color: inherit {o: http://localhost:4321/prueba-heros, sv: 0.1.3, sdkn: @vercel/analytics/astro, sdkv: 1.5.0, ts: 1781449209309} /_vercel/insights/view @ https://va.vercel-scripts.com/v1/script.debug.js:0
[  136683ms] [LOG] %c[Vercel Speed Insights]%c Debug mode is enabled by default in development. No requests will be sent to the server. color: rgb(120, 120, 120) color: inherit @ https://va.vercel-scripts.com/v1/speed-insights/script.debug.js:0
