[    2987ms] [LOG] %c[Vercel Web Analytics]%c Debug mode is enabled by default in development. No requests will be sent to the server. color: rgb(120, 120, 120) color: inherit @ https://va.vercel-scripts.com/v1/script.debug.js:0
[    2987ms] [LOG] %c[Vercel Web Analytics]%c Running queued event color: rgb(120, 120, 120) color: inherit pageview {route: /prueba-hero-a, path: /prueba-hero-a} @ https://va.vercel-scripts.com/v1/script.debug.js:0
[    2987ms] [LOG] %c[Vercel Web Analytics]%c [view] http://localhost:4321/prueba-hero-a color: rgb(120, 120, 120) color: inherit {o: http://localhost:4321/prueba-hero-a, sv: 0.1.3, sdkn: @vercel/analytics/astro, sdkv: 1.5.0, ts: 1781446056613} /_vercel/insights/view @ https://va.vercel-scripts.com/v1/script.debug.js:0
[    2990ms] [LOG] %c[Vercel Speed Insights]%c Debug mode is enabled by default in development. No requests will be sent to the server. color: rgb(120, 120, 120) color: inherit @ https://va.vercel-scripts.com/v1/speed-insights/script.debug.js:0
[    9485ms] [LOG] %c[Vercel Speed Insights]%c [vitals] color: rgb(120, 120, 120) color: inherit {speed: 4g, metrics: Array(5), scriptVersion: 0.1.3, sdkName: @vercel/speed-insights/astro, sdkVersion: 1.2.0} /_vercel/speed-insights/vitals @ https://va.vercel-scripts.com/v1/speed-insights/script.debug.js:0
[    9490ms] [LOG] %c[Vercel Speed Insights]%c [vitals] color: rgb(120, 120, 120) color: inherit {speed: 4g, metrics: Array(1), scriptVersion: 0.1.3, sdkName: @vercel/speed-insights/astro, sdkVersion: 1.2.0} /_vercel/speed-insights/vitals @ https://va.vercel-scripts.com/v1/speed-insights/script.debug.js:0
[    9623ms] [LOG] %c[Vercel Web Analytics]%c Debug mode is enabled by default in development. No requests will be sent to the server. color: rgb(120, 120, 120) color: inherit @ https://va.vercel-scripts.com/v1/script.debug.js:0
[    9623ms] [LOG] %c[Vercel Web Analytics]%c Running queued event color: rgb(120, 120, 120) color: inherit pageview {route: /servicios/automatizacion, path: /servicios/automatizacion} @ https://va.vercel-scripts.com/v1/script.debug.js:0
[    9623ms] [LOG] %c[Vercel Web Analytics]%c [view] http://localhost:4321/servicios/automatizacion color: rgb(120, 120, 120) color: inherit {o: http://localhost:4321/servicios/automatizacion, sv: 0.1.3, sdkn: @vercel/analytics/astro, sdkv: 1.5.0, ts: 1781446063249} /_vercel/insights/view @ https://va.vercel-scripts.com/v1/script.debug.js:0
[    9624ms] [LOG] %c[Vercel Speed Insights]%c Debug mode is enabled by default in development. No requests will be sent to the server. color: rgb(120, 120, 120) color: inherit @ https://va.vercel-scripts.com/v1/speed-insights/script.debug.js:0
[   11457ms] [LOG] %c[Vercel Speed Insights]%c [vitals] color: rgb(120, 120, 120) color: inherit {speed: 4g, metrics: Array(3), scriptVersion: 0.1.3, sdkName: @vercel/speed-insights/astro, sdkVersion: 1.2.0} /_vercel/speed-insights/vitals @ https://va.vercel-scripts.com/v1/speed-insights/script.debug.js:0
[   11458ms] [LOG] %c[Vercel Speed Insights]%c [vitals] color: rgb(120, 120, 120) color: inherit {speed: 4g, metrics: Array(1), scriptVersion: 0.1.3, sdkName: @vercel/speed-insights/astro, sdkVersion: 1.2.0} /_vercel/speed-insights/vitals @ https://va.vercel-scripts.com/v1/speed-insights/script.debug.js:0
[   11506ms] [LOG] %c[Vercel Web Analytics]%c Debug mode is enabled by default in development. No requests will be sent to the server. color: rgb(120, 120, 120) color: inherit @ https://va.vercel-scripts.com/v1/script.debug.js:0
[   11506ms] [LOG] %c[Vercel Web Analytics]%c Running queued event color: rgb(120, 120, 120) color: inherit pageview {route: /prueba-hero-a, path: /prueba-hero-a} @ https://va.vercel-scripts.com/v1/script.debug.js:0
[   11507ms] [LOG] %c[Vercel Web Analytics]%c [view] http://localhost:4321/prueba-hero-a color: rgb(120, 120, 120) color: inherit {o: http://localhost:4321/prueba-hero-a, sv: 0.1.3, sdkn: @vercel/analytics/astro, sdkv: 1.5.0, ts: 1781446065132} /_vercel/insights/view @ https://va.vercel-scripts.com/v1/script.debug.js:0
[   11508ms] [LOG] %c[Vercel Speed Insights]%c Debug mode is enabled by default in development. No requests will be sent to the server. color: rgb(120, 120, 120) color: inherit @ https://va.vercel-scripts.com/v1/speed-insights/script.debug.js:0
[   12539ms] [LOG] %c[Vercel Speed Insights]%c [vitals] color: rgb(120, 120, 120) color: inherit {speed: 4g, metrics: Array(5), scriptVersion: 0.1.3, sdkName: @vercel/speed-insights/astro, sdkVersion: 1.2.0} /_vercel/speed-insights/vitals @ https://va.vercel-scripts.com/v1/speed-insights/script.debug.js:0
[   12542ms] [LOG] %c[Vercel Speed Insights]%c [vitals] color: rgb(120, 120, 120) color: inherit {speed: 4g, metrics: Array(1), scriptVersion: 0.1.3, sdkName: @vercel/speed-insights/astro, sdkVersion: 1.2.0} /_vercel/speed-insights/vitals @ https://va.vercel-scripts.com/v1/speed-insights/script.debug.js:0
[   12680ms] [LOG] %c[Vercel Web Analytics]%c Debug mode is enabled by default in development. No requests will be sent to the server. color: rgb(120, 120, 120) color: inherit @ https://va.vercel-scripts.com/v1/script.debug.js:0
[   12680ms] [LOG] %c[Vercel Web Analytics]%c Running queued event color: rgb(120, 120, 120) color: inherit pageview {route: /wazuh, path: /wazuh} @ https://va.vercel-scripts.com/v1/script.debug.js:0
[   12680ms] [LOG] %c[Vercel Web Analytics]%c [view] http://localhost:4321/wazuh color: rgb(120, 120, 120) color: inherit {o: http://localhost:4321/wazuh, sv: 0.1.3, sdkn: @vercel/analytics/astro, sdkv: 1.5.0, ts: 1781446066306} /_vercel/insights/view @ https://va.vercel-scripts.com/v1/script.debug.js:0
[   12680ms] [LOG] %c[Vercel Speed Insights]%c Debug mode is enabled by default in development. No requests will be sent to the server. color: rgb(120, 120, 120) color: inherit @ https://va.vercel-scripts.com/v1/speed-insights/script.debug.js:0
[   14088ms] [LOG] %c[Vercel Speed Insights]%c [vitals] color: rgb(120, 120, 120) color: inherit {speed: 4g, metrics: Array(3), scriptVersion: 0.1.3, sdkName: @vercel/speed-insights/astro, sdkVersion: 1.2.0} /_vercel/speed-insights/vitals @ https://va.vercel-scripts.com/v1/speed-insights/script.debug.js:0
[   14088ms] [LOG] %c[Vercel Speed Insights]%c [vitals] color: rgb(120, 120, 120) color: inherit {speed: 4g, metrics: Array(1), scriptVersion: 0.1.3, sdkName: @vercel/speed-insights/astro, sdkVersion: 1.2.0} /_vercel/speed-insights/vitals @ https://va.vercel-scripts.com/v1/speed-insights/script.debug.js:0
[   14129ms] [LOG] %c[Vercel Web Analytics]%c Debug mode is enabled by default in development. No requests will be sent to the server. color: rgb(120, 120, 120) color: inherit @ https://va.vercel-scripts.com/v1/script.debug.js:0
[   14129ms] [LOG] %c[Vercel Web Analytics]%c Running queued event color: rgb(120, 120, 120) color: inherit pageview {route: /prueba-hero-a, path: /prueba-hero-a} @ https://va.vercel-scripts.com/v1/script.debug.js:0
[   14129ms] [LOG] %c[Vercel Web Analytics]%c [view] http://localhost:4321/prueba-hero-a color: rgb(120, 120, 120) color: inherit {o: http://localhost:4321/prueba-hero-a, sv: 0.1.3, sdkn: @vercel/analytics/astro, sdkv: 1.5.0, ts: 1781446067755} /_vercel/insights/view @ https://va.vercel-scripts.com/v1/script.debug.js:0
[   14129ms] [LOG] %c[Vercel Speed Insights]%c Debug mode is enabled by default in development. No requests will be sent to the server. color: rgb(120, 120, 120) color: inherit @ https://va.vercel-scripts.com/v1/speed-insights/script.debug.js:0
[   14844ms] [LOG] %c[Vercel Speed Insights]%c [vitals] color: rgb(120, 120, 120) color: inherit {speed: 4g, metrics: Array(5), scriptVersion: 0.1.3, sdkName: @vercel/speed-insights/astro, sdkVersion: 1.2.0} /_vercel/speed-insights/vitals @ https://va.vercel-scripts.com/v1/speed-insights/script.debug.js:0
[   14845ms] [LOG] %c[Vercel Speed Insights]%c [vitals] color: rgb(120, 120, 120) color: inherit {speed: 4g, metrics: Array(1), scriptVersion: 0.1.3, sdkName: @vercel/speed-insights/astro, sdkVersion: 1.2.0} /_vercel/speed-insights/vitals @ https://va.vercel-scripts.com/v1/speed-insights/script.debug.js:0
[   14936ms] [LOG] %c[Vercel Web Analytics]%c Debug mode is enabled by default in development. No requests will be sent to the server. color: rgb(120, 120, 120) color: inherit @ https://va.vercel-scripts.com/v1/script.debug.js:0
[   14936ms] [LOG] %c[Vercel Web Analytics]%c Running queued event color: rgb(120, 120, 120) color: inherit pageview {route: /soporte-tecnico, path: /soporte-tecnico} @ https://va.vercel-scripts.com/v1/script.debug.js:0
[   14936ms] [LOG] %c[Vercel Web Analytics]%c [view] http://localhost:4321/soporte-tecnico color: rgb(120, 120, 120) color: inherit {o: http://localhost:4321/soporte-tecnico, sv: 0.1.3, sdkn: @vercel/analytics/astro, sdkv: 1.5.0, ts: 1781446068561} /_vercel/insights/view @ https://va.vercel-scripts.com/v1/script.debug.js:0
[   14936ms] [LOG] %c[Vercel Speed Insights]%c Debug mode is enabled by default in development. No requests will be sent to the server. color: rgb(120, 120, 120) color: inherit @ https://va.vercel-scripts.com/v1/speed-insights/script.debug.js:0
[   17846ms] [LOG] %c[Vercel Speed Insights]%c [vitals] color: rgb(120, 120, 120) color: inherit {speed: 4g, metrics: Array(3), scriptVersion: 0.1.3, sdkName: @vercel/speed-insights/astro, sdkVersion: 1.2.0} /_vercel/speed-insights/vitals @ https://va.vercel-scripts.com/v1/speed-insights/script.debug.js:0
[   17850ms] [LOG] %c[Vercel Speed Insights]%c [vitals] color: rgb(120, 120, 120) color: inherit {speed: 4g, metrics: Array(1), scriptVersion: 0.1.3, sdkName: @vercel/speed-insights/astro, sdkVersion: 1.2.0} /_vercel/speed-insights/vitals @ https://va.vercel-scripts.com/v1/speed-insights/script.debug.js:0
[   17915ms] [LOG] %c[Vercel Web Analytics]%c Debug mode is enabled by default in development. No requests will be sent to the server. color: rgb(120, 120, 120) color: inherit @ https://va.vercel-scripts.com/v1/script.debug.js:0
[   17915ms] [LOG] %c[Vercel Web Analytics]%c Running queued event color: rgb(120, 120, 120) color: inherit pageview {route: /prueba-hero-a, path: /prueba-hero-a} @ https://va.vercel-scripts.com/v1/script.debug.js:0
[   17915ms] [LOG] %c[Vercel Web Analytics]%c [view] http://localhost:4321/prueba-hero-a color: rgb(120, 120, 120) color: inherit {o: http://localhost:4321/prueba-hero-a, sv: 0.1.3, sdkn: @vercel/analytics/astro, sdkv: 1.5.0, ts: 1781446071540} /_vercel/insights/view @ https://va.vercel-scripts.com/v1/script.debug.js:0
[   17915ms] [LOG] %c[Vercel Speed Insights]%c Debug mode is enabled by default in development. No requests will be sent to the server. color: rgb(120, 120, 120) color: inherit @ https://va.vercel-scripts.com/v1/speed-insights/script.debug.js:0
[   19997ms] [LOG] %c[Vercel Speed Insights]%c [vitals] color: rgb(120, 120, 120) color: inherit {speed: 4g, metrics: Array(5), scriptVersion: 0.1.3, sdkName: @vercel/speed-insights/astro, sdkVersion: 1.2.0} /_vercel/speed-insights/vitals @ https://va.vercel-scripts.com/v1/speed-insights/script.debug.js:0
[   20000ms] [LOG] %c[Vercel Speed Insights]%c [vitals] color: rgb(120, 120, 120) color: inherit {speed: 4g, metrics: Array(1), scriptVersion: 0.1.3, sdkName: @vercel/speed-insights/astro, sdkVersion: 1.2.0} /_vercel/speed-insights/vitals @ https://va.vercel-scripts.com/v1/speed-insights/script.debug.js:0
[   20088ms] [LOG] %c[Vercel Web Analytics]%c Debug mode is enabled by default in development. No requests will be sent to the server. color: rgb(120, 120, 120) color: inherit @ https://va.vercel-scripts.com/v1/script.debug.js:0
[   20088ms] [LOG] %c[Vercel Web Analytics]%c Running queued event color: rgb(120, 120, 120) color: inherit pageview {route: /consultoria-ia, path: /consultoria-ia} @ https://va.vercel-scripts.com/v1/script.debug.js:0
[   20089ms] [LOG] %c[Vercel Web Analytics]%c [view] http://localhost:4321/consultoria-ia color: rgb(120, 120, 120) color: inherit {o: http://localhost:4321/consultoria-ia, sv: 0.1.3, sdkn: @vercel/analytics/astro, sdkv: 1.5.0, ts: 1781446073714} /_vercel/insights/view @ https://va.vercel-scripts.com/v1/script.debug.js:0
[   20089ms] [LOG] %c[Vercel Speed Insights]%c Debug mode is enabled by default in development. No requests will be sent to the server. color: rgb(120, 120, 120) color: inherit @ https://va.vercel-scripts.com/v1/speed-insights/script.debug.js:0
[   22966ms] [LOG] %c[Vercel Speed Insights]%c [vitals] color: rgb(120, 120, 120) color: inherit {speed: 4g, metrics: Array(3), scriptVersion: 0.1.3, sdkName: @vercel/speed-insights/astro, sdkVersion: 1.2.0} /_vercel/speed-insights/vitals @ https://va.vercel-scripts.com/v1/speed-insights/script.debug.js:0
[   22970ms] [LOG] %c[Vercel Speed Insights]%c [vitals] color: rgb(120, 120, 120) color: inherit {speed: 4g, metrics: Array(1), scriptVersion: 0.1.3, sdkName: @vercel/speed-insights/astro, sdkVersion: 1.2.0} /_vercel/speed-insights/vitals @ https://va.vercel-scripts.com/v1/speed-insights/script.debug.js:0
[   23046ms] [LOG] %c[Vercel Web Analytics]%c Debug mode is enabled by default in development. No requests will be sent to the server. color: rgb(120, 120, 120) color: inherit @ https://va.vercel-scripts.com/v1/script.debug.js:0
[   23046ms] [LOG] %c[Vercel Web Analytics]%c Running queued event color: rgb(120, 120, 120) color: inherit pageview {route: /prueba-hero-a, path: /prueba-hero-a} @ https://va.vercel-scripts.com/v1/script.debug.js:0
[   23047ms] [LOG] %c[Vercel Web Analytics]%c [view] http://localhost:4321/prueba-hero-a color: rgb(120, 120, 120) color: inherit {o: http://localhost:4321/prueba-hero-a, sv: 0.1.3, sdkn: @vercel/analytics/astro, sdkv: 1.5.0, ts: 1781446076672} /_vercel/insights/view @ https://va.vercel-scripts.com/v1/script.debug.js:0
[   23047ms] [LOG] %c[Vercel Speed Insights]%c Debug mode is enabled by default in development. No requests will be sent to the server. color: rgb(120, 120, 120) color: inherit @ https://va.vercel-scripts.com/v1/speed-insights/script.debug.js:0
