[     109ms] [LOG] %c[Vercel Speed Insights]%c [vitals] color: rgb(120, 120, 120) color: inherit {speed: 4g, metrics: Array(1), scriptVersion: 0.1.3, sdkName: @vercel/speed-insights/astro, sdkVersion: 1.2.0} /_vercel/speed-insights/vitals @ https://va.vercel-scripts.com/v1/speed-insights/script.debug.js:0
[     369ms] [LOG] %c[Vercel Web Analytics]%c Debug mode is enabled by default in development. No requests will be sent to the server. color: rgb(120, 120, 120) color: inherit @ https://va.vercel-scripts.com/v1/script.debug.js:0
[     370ms] [LOG] %c[Vercel Web Analytics]%c Running queued event color: rgb(120, 120, 120) color: inherit pageview {route: /prueba-hero-k, path: /prueba-hero-k} @ https://va.vercel-scripts.com/v1/script.debug.js:0
[     372ms] [LOG] %c[Vercel Web Analytics]%c [view] http://localhost:4321/prueba-hero-k color: rgb(120, 120, 120) color: inherit {o: http://localhost:4321/prueba-hero-k, sv: 0.1.3, sdkn: @vercel/analytics/astro, sdkv: 1.5.0, ts: 1781448535076} /_vercel/insights/view @ https://va.vercel-scripts.com/v1/script.debug.js:0
[     374ms] [LOG] %c[Vercel Speed Insights]%c Debug mode is enabled by default in development. No requests will be sent to the server. color: rgb(120, 120, 120) color: inherit @ https://va.vercel-scripts.com/v1/speed-insights/script.debug.js:0
[   38158ms] [LOG] %c[Vercel Speed Insights]%c [vitals] color: rgb(120, 120, 120) color: inherit {speed: 4g, metrics: Array(3), scriptVersion: 0.1.3, sdkName: @vercel/speed-insights/astro, sdkVersion: 1.2.0} /_vercel/speed-insights/vitals @ https://va.vercel-scripts.com/v1/speed-insights/script.debug.js:0
[   38180ms] [LOG] %c[Vercel Speed Insights]%c [vitals] color: rgb(120, 120, 120) color: inherit {speed: 4g, metrics: Array(1), scriptVersion: 0.1.3, sdkName: @vercel/speed-insights/astro, sdkVersion: 1.2.0} /_vercel/speed-insights/vitals @ https://va.vercel-scripts.com/v1/speed-insights/script.debug.js:0
[   38372ms] [LOG] %c[Vercel Web Analytics]%c Debug mode is enabled by default in development. No requests will be sent to the server. color: rgb(120, 120, 120) color: inherit @ https://va.vercel-scripts.com/v1/script.debug.js:0
[   38373ms] [LOG] %c[Vercel Web Analytics]%c Running queued event color: rgb(120, 120, 120) color: inherit pageview {route: /prueba-hero-k, path: /prueba-hero-k} @ https://va.vercel-scripts.com/v1/script.debug.js:0
[   38374ms] [LOG] %c[Vercel Web Analytics]%c [view] http://localhost:4321/prueba-hero-k color: rgb(120, 120, 120) color: inherit {o: http://localhost:4321/prueba-hero-k, sv: 0.1.3, sdkn: @vercel/analytics/astro, sdkv: 1.5.0, ts: 1781448573078} /_vercel/insights/view @ https://va.vercel-scripts.com/v1/script.debug.js:0
[   38379ms] [LOG] %c[Vercel Speed Insights]%c Debug mode is enabled by default in development. No requests will be sent to the server. color: rgb(120, 120, 120) color: inherit @ https://va.vercel-scripts.com/v1/speed-insights/script.debug.js:0
[   47756ms] [LOG] %c[Vercel Speed Insights]%c [vitals] color: rgb(120, 120, 120) color: inherit {speed: 4g, metrics: Array(1), scriptVersion: 0.1.3, sdkName: @vercel/speed-insights/astro, sdkVersion: 1.2.0} /_vercel/speed-insights/vitals @ https://va.vercel-scripts.com/v1/speed-insights/script.debug.js:0
[   47920ms] [LOG] %c[Vercel Web Analytics]%c Debug mode is enabled by default in development. No requests will be sent to the server. color: rgb(120, 120, 120) color: inherit @ https://va.vercel-scripts.com/v1/script.debug.js:0
[   47921ms] [LOG] %c[Vercel Web Analytics]%c Running queued event color: rgb(120, 120, 120) color: inherit pageview {route: /prueba-hero-k, path: /prueba-hero-k} @ https://va.vercel-scripts.com/v1/script.debug.js:0
[   47922ms] [LOG] %c[Vercel Web Analytics]%c [view] http://localhost:4321/prueba-hero-k color: rgb(120, 120, 120) color: inherit {o: http://localhost:4321/prueba-hero-k, sv: 0.1.3, sdkn: @vercel/analytics/astro, sdkv: 1.5.0, ts: 1781448582626} /_vercel/insights/view @ https://va.vercel-scripts.com/v1/script.debug.js:0
[   47924ms] [LOG] %c[Vercel Speed Insights]%c Debug mode is enabled by default in development. No requests will be sent to the server. color: rgb(120, 120, 120) color: inherit @ https://va.vercel-scripts.com/v1/speed-insights/script.debug.js:0
[   55591ms] [LOG] %c[Vercel Speed Insights]%c [vitals] color: rgb(120, 120, 120) color: inherit {speed: 4g, metrics: Array(1), scriptVersion: 0.1.3, sdkName: @vercel/speed-insights/astro, sdkVersion: 1.2.0} /_vercel/speed-insights/vitals @ https://va.vercel-scripts.com/v1/speed-insights/script.debug.js:0
[   55750ms] [LOG] %c[Vercel Web Analytics]%c Debug mode is enabled by default in development. No requests will be sent to the server. color: rgb(120, 120, 120) color: inherit @ https://va.vercel-scripts.com/v1/script.debug.js:0
[   55751ms] [LOG] %c[Vercel Web Analytics]%c Running queued event color: rgb(120, 120, 120) color: inherit pageview {route: /prueba-hero-k, path: /prueba-hero-k} @ https://va.vercel-scripts.com/v1/script.debug.js:0
[   55751ms] [LOG] %c[Vercel Web Analytics]%c [view] http://localhost:4321/prueba-hero-k color: rgb(120, 120, 120) color: inherit {o: http://localhost:4321/prueba-hero-k, sv: 0.1.3, sdkn: @vercel/analytics/astro, sdkv: 1.5.0, ts: 1781448590456} /_vercel/insights/view @ https://va.vercel-scripts.com/v1/script.debug.js:0
[   55752ms] [LOG] %c[Vercel Speed Insights]%c Debug mode is enabled by default in development. No requests will be sent to the server. color: rgb(120, 120, 120) color: inherit @ https://va.vercel-scripts.com/v1/speed-insights/script.debug.js:0
[   63561ms] [LOG] %c[Vercel Speed Insights]%c [vitals] color: rgb(120, 120, 120) color: inherit {speed: 4g, metrics: Array(1), scriptVersion: 0.1.3, sdkName: @vercel/speed-insights/astro, sdkVersion: 1.2.0} /_vercel/speed-insights/vitals @ https://va.vercel-scripts.com/v1/speed-insights/script.debug.js:0
[   63737ms] [LOG] %c[Vercel Web Analytics]%c Debug mode is enabled by default in development. No requests will be sent to the server. color: rgb(120, 120, 120) color: inherit @ https://va.vercel-scripts.com/v1/script.debug.js:0
[   63737ms] [LOG] %c[Vercel Web Analytics]%c Running queued event color: rgb(120, 120, 120) color: inherit pageview {route: /prueba-hero-k, path: /prueba-hero-k} @ https://va.vercel-scripts.com/v1/script.debug.js:0
[   63738ms] [LOG] %c[Vercel Web Analytics]%c [view] http://localhost:4321/prueba-hero-k color: rgb(120, 120, 120) color: inherit {o: http://localhost:4321/prueba-hero-k, sv: 0.1.3, sdkn: @vercel/analytics/astro, sdkv: 1.5.0, ts: 1781448598442} /_vercel/insights/view @ https://va.vercel-scripts.com/v1/script.debug.js:0
[   63741ms] [LOG] %c[Vercel Speed Insights]%c Debug mode is enabled by default in development. No requests will be sent to the server. color: rgb(120, 120, 120) color: inherit @ https://va.vercel-scripts.com/v1/speed-insights/script.debug.js:0
